<?xml version="1.0" encoding="UTF-8"?>
<testsuite name="TestAmazonApp-20230830085425" tests="2" file=".py" time="117.430" timestamp="2023-08-30T08:56:22" failures="0" errors="1" skipped="0">
	<testcase classname="TestAmazonApp" name="test_total_number_for_category" time="81.465" timestamp="2023-08-30T08:56:22" file="amazon_test.py" line="28"/>
	<testcase classname="TestAmazonApp" name="test_filter_by_department" time="35.965" timestamp="2023-08-30T08:55:01" file="amazon_test.py" line="42">
		<error type="TimeoutException" message="Message: 
Stacktrace:
NoSuchElementError: An element could not be located on the page using the given search parameters.
    at AndroidUiautomator2Driver.findElOrEls (C:\Users\Lenovo\.appium\node_modules\appium-uiautomator2-driver\node_modules\appium-android-driver\lib\commands\find.js:75:11)
    at processTicksAndRejections (node:internal/process/task_queues:95:5)
    at AndroidUiautomator2Driver.findElOrElsWithProcessing (C:\Users\Lenovo\AppData\Roaming\npm\node_modules\appium\node_modules\@appium\base-driver\lib\basedriver\commands\find.ts:60:12)
    at AndroidUiautomator2Driver.findElement (C:\Users\Lenovo\AppData\Roaming\npm\node_modules\appium\node_modules\@appium\base-driver\lib\basedriver\commands\find.ts:75:12)"><![CDATA[Traceback (most recent call last):
  File "C:\Users\Lenovo\OneDrive - bridgeaxis.com\Documents\Graffitecs task\amazon_test.py", line 43, in test_filter_by_department
    self.app.click_home()
  File "C:\Users\Lenovo\OneDrive - bridgeaxis.com\Documents\Graffitecs task\amazon_app.py", line 40, in click_home
    home_button = wait.until(EC.presence_of_element_located((By.XPATH, "//android.widget.ImageView[@content-desc='Home Tab 1 of 4']")))
                  ^^^^^^^^^^^^^^^^^^^^^^^^^^^^^^^^^^^^^^^^^^^^^^^^^^^^^^^^^^^^^^^^^^^^^^^^^^^^^^^^^^^^^^^^^^^^^^^^^^^^^^^^^^^^^^^^^^^^^
  File "C:\Users\Lenovo\AppData\Local\Programs\Python\Python311\Lib\site-packages\selenium\webdriver\support\wait.py", line 95, in until
    raise TimeoutException(message, screen, stacktrace)
selenium.common.exceptions.TimeoutException: Message: 
Stacktrace:
NoSuchElementError: An element could not be located on the page using the given search parameters.
    at AndroidUiautomator2Driver.findElOrEls (C:\Users\Lenovo\.appium\node_modules\appium-uiautomator2-driver\node_modules\appium-android-driver\lib\commands\find.js:75:11)
    at processTicksAndRejections (node:internal/process/task_queues:95:5)
    at AndroidUiautomator2Driver.findElOrElsWithProcessing (C:\Users\Lenovo\AppData\Roaming\npm\node_modules\appium\node_modules\@appium\base-driver\lib\basedriver\commands\find.ts:60:12)
    at AndroidUiautomator2Driver.findElement (C:\Users\Lenovo\AppData\Roaming\npm\node_modules\appium\node_modules\@appium\base-driver\lib\basedriver\commands\find.ts:75:12)
]]></error>
	</testcase>
</testsuite>
