<?xml version="1.0" encoding="UTF-8"?>
<testsuite name="unittest.suite._ErrorHolder-20230830144053" tests="1" file="unittest/suite.py" time="0.000" timestamp="0001-01-01T00:00:00" failures="0" errors="1" skipped="0">
	<testcase classname="" name="setUpClass (__main__.TestAmazonApp)" time="0.000" timestamp="0001-01-01T00:00:00">
		<error type="WebDriverException" message="Message: An unknown server-side error occurred while processing the command. Original error: Error executing adbExec. Original error: 'Command 'C:\\Users\\Lenovo\\AppData\\Local\\Android\\Sdk\\platform-tools\\adb.exe -P 5037 -s emulator-5554 install C:\\Users\\Lenovo\\Downloads\\amazon.apk' exited with code 1'; Command output: adb: failed to install C:\Users\Lenovo\Downloads\amazon.apk: Failure [INSTALL_FAILED_NO_MATCHING_ABIS: Failed to extract native libraries, res=-113]

Stacktrace:
UnknownError: An unknown server-side error occurred while processing the command. Original error: Error executing adbExec. Original error: 'Command 'C:\\Users\\Lenovo\\AppData\\Local\\Android\\Sdk\\platform-tools\\adb.exe -P 5037 -s emulator-5554 install C:\\Users\\Lenovo\\Downloads\\amazon.apk' exited with code 1'; Command output: adb: failed to install C:\Users\Lenovo\Downloads\amazon.apk: Failure [INSTALL_FAILED_NO_MATCHING_ABIS: Failed to extract native libraries, res=-113]

    at getResponseForW3CError (C:\Users\Lenovo\AppData\Roaming\npm\node_modules\appium\node_modules\@appium\base-driver\lib\protocol\errors.js:1092:9)
    at asyncHandler (C:\Users\Lenovo\AppData\Roaming\npm\node_modules\appium\node_modules\@appium\base-driver\lib\protocol\protocol.js:491:57)"><![CDATA[Traceback (most recent call last):
  File "C:\Users\Lenovo\OneDrive - bridgeaxis.com\Documents\Graffitecs task\amazon_test.py", line 22, in setUpClass
    cls.driver = webdriver.Remote(appium_server_url, capabilities)
                 ^^^^^^^^^^^^^^^^^^^^^^^^^^^^^^^^^^^^^^^^^^^^^^^^^
  File "C:\Users\Lenovo\AppData\Local\Programs\Python\Python311\Lib\site-packages\appium\webdriver\webdriver.py", line 257, in __init__
    super().__init__(
  File "C:\Users\Lenovo\AppData\Local\Programs\Python\Python311\Lib\site-packages\selenium\webdriver\remote\webdriver.py", line 286, in __init__
    self.start_session(capabilities, browser_profile)
  File "C:\Users\Lenovo\AppData\Local\Programs\Python\Python311\Lib\site-packages\appium\webdriver\webdriver.py", line 346, in start_session
    response = self.execute(RemoteCommand.NEW_SESSION, w3c_caps)
               ^^^^^^^^^^^^^^^^^^^^^^^^^^^^^^^^^^^^^^^^^^^^^^^^^
  File "C:\Users\Lenovo\AppData\Local\Programs\Python\Python311\Lib\site-packages\selenium\webdriver\remote\webdriver.py", line 440, in execute
    self.error_handler.check_response(response)
  File "C:\Users\Lenovo\AppData\Local\Programs\Python\Python311\Lib\site-packages\selenium\webdriver\remote\errorhandler.py", line 245, in check_response
    raise exception_class(message, screen, stacktrace)
selenium.common.exceptions.WebDriverException: Message: An unknown server-side error occurred while processing the command. Original error: Error executing adbExec. Original error: 'Command 'C:\\Users\\Lenovo\\AppData\\Local\\Android\\Sdk\\platform-tools\\adb.exe -P 5037 -s emulator-5554 install C:\\Users\\Lenovo\\Downloads\\amazon.apk' exited with code 1'; Command output: adb: failed to install C:\Users\Lenovo\Downloads\amazon.apk: Failure [INSTALL_FAILED_NO_MATCHING_ABIS: Failed to extract native libraries, res=-113]

Stacktrace:
UnknownError: An unknown server-side error occurred while processing the command. Original error: Error executing adbExec. Original error: 'Command 'C:\\Users\\Lenovo\\AppData\\Local\\Android\\Sdk\\platform-tools\\adb.exe -P 5037 -s emulator-5554 install C:\\Users\\Lenovo\\Downloads\\amazon.apk' exited with code 1'; Command output: adb: failed to install C:\Users\Lenovo\Downloads\amazon.apk: Failure [INSTALL_FAILED_NO_MATCHING_ABIS: Failed to extract native libraries, res=-113]

    at getResponseForW3CError (C:\Users\Lenovo\AppData\Roaming\npm\node_modules\appium\node_modules\@appium\base-driver\lib\protocol\errors.js:1092:9)
    at asyncHandler (C:\Users\Lenovo\AppData\Roaming\npm\node_modules\appium\node_modules\@appium\base-driver\lib\protocol\protocol.js:491:57)
]]></error>
	</testcase>
</testsuite>
